<?xml version="1.0" encoding="UTF-8"?>
<testsuite xmlns:xsi="http://www.w3.org/2001/XMLSchema-instance" xsi:noNamespaceSchemaLocation="https://maven.apache.org/surefire/maven-surefire-plugin/xsd/surefire-test-report.xsd" name="cu.uci.ed1.tdas.test.lineales.TestListaSE" time="0.184" tests="4" errors="0" skipped="0" failures="0">
  <properties>
[...]
</properties>
  <testcase name="obtener" classname="cu.uci.ed1.tdas.test.lineales.TestListaSE" time="0.162"/>
  <testcase name="eliminar" classname="cu.uci.ed1.tdas.test.lineales.TestListaSE" time="0.002"/>
  <testcase name="insertar" classname="cu.uci.ed1.tdas.test.lineales.TestListaSE" time="0.001"/>
  <testcase name="adicionar" classname="cu.uci.ed1.tdas.test.lineales.TestListaSE" time="0.001"/>
</testsuite>